<?xml version="1.0" encoding="UTF-8"?>
<!-- Generated by org.testng.reporters.JUnitReportReporter -->
<testsuite hostname="sys" name="day15.DragandDrop" tests="1" failures="0" timestamp="19 May 2015 04:21:02 GMT" time="10.577" errors="0">
  <testcase name="dragandDropTest" time="10.577" classname="day15.DragandDrop"/>
</testsuite> <!-- day15.DragandDrop -->
