<?xml version="1.0" encoding="UTF-8"?>
<!-- Generated by org.testng.reporters.JUnitReportReporter -->
<testsuite hostname="sys" name="day12.Xpaths" tests="1" failures="0" timestamp="14 May 2015 04:14:51 GMT" time="13.993" errors="0">
  <testcase name="xpathTest" time="13.993" classname="day12.Xpaths"/>
</testsuite> <!-- day12.Xpaths -->
