<?xml version="1.0" encoding="UTF-8"?>
<!-- Generated by org.testng.reporters.JUnitReportReporter -->
<testsuite hostname="sys" name="day15.WebtableTesting2" tests="1" failures="0" timestamp="19 May 2015 05:07:24 GMT" time="18.990" errors="0">
  <testcase name="webtableTest" time="18.990" classname="day15.WebtableTesting2"/>
</testsuite> <!-- day15.WebtableTesting2 -->
