<?xml version="1.0" encoding="UTF-8"?>
<!-- Generated by org.testng.reporters.JUnitReportReporter -->
<testsuite hostname="sys" name="day16.WebtableCalander" tests="1" failures="0" timestamp="21 May 2015 04:00:38 GMT" time="82.616" errors="0">
  <testcase name="webtableTest" time="82.616" classname="day16.WebtableCalander"/>
</testsuite> <!-- day16.WebtableCalander -->
