<?xml version="1.0" encoding="UTF-8"?>
<!-- Generated by org.testng.reporters.JUnitReportReporter -->
<testsuite hostname="sys" name="day17.CookiesTesting1" tests="1" failures="0" timestamp="21 May 2015 04:45:29 GMT" time="40.207" errors="0">
  <testcase name="cookiesTest" time="40.207" classname="day17.CookiesTesting1"/>
</testsuite> <!-- day17.CookiesTesting1 -->
