<?xml version="1.0" encoding="UTF-8"?>
<!-- Generated by org.testng.reporters.JUnitReportReporter -->
<testsuite hostname="sys" name="day14.MultipleWindows2" tests="1" failures="0" timestamp="18 May 2015 04:24:13 GMT" time="40.012" errors="0">
  <testcase name="multipleWindowTest" time="40.012" classname="day14.MultipleWindows2"/>
</testsuite> <!-- day14.MultipleWindows2 -->
