<?xml version="1.0" encoding="UTF-8"?>
<!-- Generated by org.testng.reporters.JUnitReportReporter -->
<testsuite hostname="sys" name="day17.AlertHandling" tests="1" failures="0" timestamp="21 May 2015 05:03:39 GMT" time="21.259" errors="0">
  <testcase name="alertTest" time="21.259" classname="day17.AlertHandling"/>
</testsuite> <!-- day17.AlertHandling -->
