<?xml version="1.0" encoding="UTF-8"?>
<!-- Generated by org.testng.reporters.JUnitReportReporter -->
<testsuite hostname="sys" name="day14.MouseHover" tests="1" failures="0" timestamp="18 May 2015 05:13:05 GMT" time="9.652" errors="0">
  <testcase name="mouseHoverTest" time="9.652" classname="day14.MouseHover"/>
</testsuite> <!-- day14.MouseHover -->
