<?xml version="1.0" encoding="UTF-8"?>
<!-- Generated by org.testng.reporters.JUnitReportReporter -->
<testsuite hostname="sys" name="day9.Sample" tests="3" failures="0" timestamp="11 May 2015 04:37:41 GMT" time="0.011" errors="0">
  <testcase name="loginTest" time="0.009" classname="day9.Sample"/>
  <testcase name="registrationTest" time="0.001" classname="day9.Sample"/>
  <testcase name="logoutTest" time="0.001" classname="day9.Sample"/>
</testsuite> <!-- day9.Sample -->
