<?xml version="1.0" encoding="UTF-8"?>
<!-- Generated by org.testng.reporters.JUnitReportReporter -->
<testsuite hostname="sys" name="day15.RightClick" tests="1" failures="0" timestamp="19 May 2015 04:09:27 GMT" time="8.752" errors="0">
  <testcase name="rightclickTest" time="8.752" classname="day15.RightClick"/>
</testsuite> <!-- day15.RightClick -->
