<?xml version="1.0" encoding="UTF-8"?>
<!-- Generated by org.testng.reporters.JUnitReportReporter -->
<testsuite hostname="sys" name="day13.MultilpleWindows1" tests="1" failures="0" timestamp="15 May 2015 05:21:56 GMT" time="39.451" errors="0">
  <testcase name="multipleWindowTest" time="39.451" classname="day13.MultilpleWindows1"/>
</testsuite> <!-- day13.MultilpleWindows1 -->
