<?xml version="1.0" encoding="UTF-8"?>
<!-- Generated by org.testng.reporters.JUnitReportReporter -->
<testsuite hostname="sys" name="day18.WebtableExcel$DynamicWebtableTesting" tests="1" failures="0" timestamp="22 May 2015 05:24:17 GMT" time="42.384" errors="0">
  <testcase name="webtableTest" time="42.384" classname="day18.WebtableExcel$DynamicWebtableTesting"/>
</testsuite> <!-- day18.WebtableExcel$DynamicWebtableTesting -->
