<?xml version="1.0" encoding="UTF-8"?>
<!-- Generated by org.testng.reporters.JUnitReportReporter -->
<testsuite hostname="sys" name="day10.RadioButtonsTesting2" tests="1" failures="0" timestamp="12 May 2015 04:41:30 GMT" time="14.904" errors="0">
  <testcase name="radioButtonstest" time="14.904" classname="day10.RadioButtonsTesting2"/>
</testsuite> <!-- day10.RadioButtonsTesting2 -->
