<?xml version="1.0" encoding="UTF-8"?>
<!-- Generated by org.testng.reporters.JUnitReportReporter -->
<testsuite hostname="sys" name="day19.DatdrivenTesting3" tests="1" failures="0" timestamp="26 May 2015 04:25:33 GMT" time="20.532" errors="0">
  <testcase name="datadrivenTest" time="20.532" classname="day19.DatdrivenTesting3"/>
</testsuite> <!-- day19.DatdrivenTesting3 -->
