<?xml version="1.0" encoding="UTF-8"?>
<!-- Generated by org.testng.reporters.JUnitReportReporter -->
<testsuite hostname="sys" name="day17.AjaxAutosuggestions" tests="1" failures="0" timestamp="21 May 2015 04:22:36 GMT" time="25.285" errors="0">
  <testcase name="ajaxtest" time="25.285" classname="day17.AjaxAutosuggestions"/>
</testsuite> <!-- day17.AjaxAutosuggestions -->
