<?xml version="1.0" encoding="UTF-8"?>
<!-- Generated by org.testng.reporters.JUnitReportReporter -->
<testsuite hostname="sys" name="day19.DatadrivenTesting1" tests="1" failures="0" timestamp="25 May 2015 04:42:55 GMT" time="52.204" errors="0">
  <testcase name="linkstest" time="52.204" classname="day19.DatadrivenTesting1"/>
</testsuite> <!-- day19.DatadrivenTesting1 -->
