<?xml version="1.0" encoding="UTF-8"?>
<!-- Generated by org.testng.reporters.JUnitReportReporter -->
<testsuite hostname="sys" name="day20.GmailLogin" tests="1" failures="0" timestamp="26 May 2015 04:58:16 GMT" time="10.975" errors="0">
  <testcase name="loginTest" time="10.975" classname="day20.GmailLogin"/>
</testsuite> <!-- day20.GmailLogin -->
