<?xml version="1.0" encoding="UTF-8"?>
<!-- Generated by org.testng.reporters.JUnitReportReporter -->
<testsuite hostname="sys" name="day15.SliderAutomation" tests="1" failures="0" timestamp="19 May 2015 04:36:57 GMT" time="17.240" errors="0">
  <testcase name="sliderTest" time="17.240" classname="day15.SliderAutomation"/>
</testsuite> <!-- day15.SliderAutomation -->
