<?xml version="1.0" encoding="UTF-8"?>
<!-- Generated by org.testng.reporters.JUnitReportReporter -->
<testsuite hostname="sys" name="day21.Login" tests="1" failures="0" timestamp="27 May 2015 04:58:15 GMT" time="1.470" errors="0">
  <testcase name="loginTest" time="1.470" classname="day21.Login"/>
</testsuite> <!-- day21.Login -->
