<?xml version="1.0" encoding="UTF-8"?>
<!-- Generated by org.testng.reporters.JUnitReportReporter -->
<testsuite hostname="sys" name="day20.Login" tests="1" failures="0" timestamp="26 May 2015 05:36:58 GMT" time="13.472" errors="0">
  <testcase name="loginTest" time="13.472" classname="day20.Login"/>
</testsuite> <!-- day20.Login -->
