<?xml version="1.0" encoding="UTF-8"?>
<!-- Generated by org.testng.reporters.JUnitReportReporter -->
<testsuite hostname="sys" name="day12.CheckBoxesTesting2" tests="1" failures="0" timestamp="14 May 2015 04:45:42 GMT" time="12.665" errors="0">
  <testcase name="checkBoxesTest" time="12.665" classname="day12.CheckBoxesTesting2"/>
</testsuite> <!-- day12.CheckBoxesTesting2 -->
