<?xml version="1.0" encoding="UTF-8"?>
<!-- Generated by org.testng.reporters.JUnitReportReporter -->
<testsuite hostname="sys" name="day12.CheckboxesTesting1" tests="1" failures="0" timestamp="14 May 2015 04:34:26 GMT" time="34.032" errors="0">
  <testcase name="checkBoxesTest" time="34.032" classname="day12.CheckboxesTesting1"/>
</testsuite> <!-- day12.CheckboxesTesting1 -->
