<?xml version="1.0" encoding="UTF-8"?>
<!-- Generated by org.testng.reporters.JUnitReportReporter -->
<testsuite hostname="sys" name="day21.Links" tests="1" failures="0" timestamp="27 May 2015 04:58:15 GMT" time="30.175" errors="0">
  <testcase name="linkstest" time="30.175" classname="day21.Links"/>
</testsuite> <!-- day21.Links -->
