<?xml version="1.0" encoding="UTF-8"?>
<!-- Generated by org.testng.reporters.JUnitReportReporter -->
<testsuite hostname="sys" name="day9.FindingElement" tests="1" failures="0" timestamp="11 May 2015 04:43:43 GMT" time="11.874" errors="0">
  <testcase name="searchForElement" time="11.874" classname="day9.FindingElement"/>
</testsuite> <!-- day9.FindingElement -->
