<?xml version="1.0" encoding="UTF-8"?>
<!-- Generated by org.testng.reporters.JUnitReportReporter -->
<testsuite hostname="sys" name="day11.ExplciitWaitFluentWait" tests="1" failures="0" timestamp="13 May 2015 04:27:24 GMT" time="45.437" errors="0">
  <testcase name="explicitWaitTest" time="45.437" classname="day11.ExplciitWaitFluentWait"/>
</testsuite> <!-- day11.ExplciitWaitFluentWait -->
