<?xml version="1.0" encoding="UTF-8"?>
<!-- Generated by org.testng.reporters.JUnitReportReporter -->
<testsuite hostname="sys" name="day14.Frames1" tests="1" failures="0" timestamp="18 May 2015 04:59:39 GMT" time="14.715" errors="0">
  <testcase name="framesTest" time="14.715" classname="day14.Frames1"/>
</testsuite> <!-- day14.Frames1 -->
