<?xml version="1.0" encoding="UTF-8"?>
<!-- Generated by org.testng.reporters.JUnitReportReporter -->
<testsuite hostname="sys" name="day19.DatdrivenTesting2" tests="1" failures="0" timestamp="25 May 2015 05:25:24 GMT" time="26.539" errors="0">
  <testcase name="datadrivenTest" time="26.539" classname="day19.DatdrivenTesting2"/>
</testsuite> <!-- day19.DatdrivenTesting2 -->
