<?xml version="1.0" encoding="UTF-8"?>
<!-- Generated by org.testng.reporters.JUnitReportReporter -->
<testsuite hostname="sys" name="day14.ChainActions" tests="1" failures="0" timestamp="18 May 2015 05:24:55 GMT" time="15.558" errors="0">
  <testcase name="chianActionTest" time="15.558" classname="day14.ChainActions"/>
</testsuite> <!-- day14.ChainActions -->
