<?xml version="1.0" encoding="UTF-8"?>
<!-- Generated by org.testng.reporters.JUnitReportReporter -->
<testsuite hostname="sys" name="day15.WebtableTesting1" tests="1" failures="0" timestamp="19 May 2015 04:54:36 GMT" time="12.040" errors="0">
  <testcase name="webtableTest" time="12.040" classname="day15.WebtableTesting1"/>
</testsuite> <!-- day15.WebtableTesting1 -->
