<?xml version="1.0" encoding="UTF-8"?>
<!-- Generated by org.testng.reporters.JUnitReportReporter -->
<testsuite hostname="sys" name="day11.ExplicitWaitWebdriverWait" tests="1" failures="0" timestamp="13 May 2015 04:05:41 GMT" time="40.641" errors="0">
  <testcase name="explicitWaitTest" time="40.641" classname="day11.ExplicitWaitWebdriverWait"/>
</testsuite> <!-- day11.ExplicitWaitWebdriverWait -->
