<?xml version="1.0" encoding="UTF-8"?>
<!-- Generated by org.testng.reporters.JUnitReportReporter -->
<testsuite hostname="sys" name="day10.ImplicitWait" tests="1" failures="0" timestamp="12 May 2015 04:56:41 GMT" time="30.363" errors="0">
  <testcase name="implicitwaitTest" time="30.363" classname="day10.ImplicitWait"/>
</testsuite> <!-- day10.ImplicitWait -->
