<?xml version="1.0" encoding="UTF-8"?>
<!-- Generated by org.testng.reporters.JUnitReportReporter -->
<testsuite hostname="sys" name="day11.CreatingXpaths" tests="1" failures="0" timestamp="13 May 2015 05:02:18 GMT" time="7.472" errors="0">
  <testcase name="xpathTest" time="7.472" classname="day11.CreatingXpaths"/>
</testsuite> <!-- day11.CreatingXpaths -->
