<?xml version="1.0" encoding="UTF-8"?>
<!-- Generated by org.testng.reporters.JUnitReportReporter -->
<testsuite hostname="sys" name="day13.MultilpleWindows" tests="1" failures="0" timestamp="15 May 2015 04:51:08 GMT" time="33.158" errors="0">
  <testcase name="multipleWindowTest" time="33.158" classname="day13.MultilpleWindows"/>
</testsuite> <!-- day13.MultilpleWindows -->
