<?xml version="1.0" encoding="UTF-8"?>
<!-- Generated by org.testng.reporters.JUnitReportReporter -->
<testsuite hostname="sys" name="day10.RadioButtonstesting1" tests="1" failures="0" timestamp="12 May 2015 04:17:44 GMT" time="24.040" errors="0">
  <testcase name="radioButtonstest" time="24.040" classname="day10.RadioButtonstesting1"/>
</testsuite> <!-- day10.RadioButtonstesting1 -->
